This is pdfTeXk, Version 3.141592-1.40.3 (Web2C 7.5.6) (format=pdflatex 2010.10.11)  18 NOV 2010 08:03
entering extended mode
 %&-line parsing enabled.
**hw6.tex
(./hw6.tex
LaTeX2e <2005/12/01>
Babel <v3.8h> and hyphenation patterns for english, usenglishmax, dumylang, noh
yphenation, loaded.
(/usr/share/texmf-texlive/tex/latex/base/article.cls
Document Class: article 2005/09/16 v1.4f Standard LaTeX document class
(/usr/share/texmf-texlive/tex/latex/base/size10.clo
File: size10.clo 2005/09/16 v1.4f Standard LaTeX file (size option)
)
\c@part=\count79
\c@section=\count80
\c@subsection=\count81
\c@subsubsection=\count82
\c@paragraph=\count83
\c@subparagraph=\count84
\c@figure=\count85
\c@table=\count86
\abovecaptionskip=\skip41
\belowcaptionskip=\skip42
\bibindent=\dimen102
)
(/usr/share/texmf-texlive/tex/latex/graphics/graphicx.sty
Package: graphicx 1999/02/16 v1.0f Enhanced LaTeX Graphics (DPC,SPQR)

(/usr/share/texmf-texlive/tex/latex/graphics/keyval.sty
Package: keyval 1999/03/16 v1.13 key=value parser (DPC)
\KV@toks@=\toks14
)
(/usr/share/texmf-texlive/tex/latex/graphics/graphics.sty
Package: graphics 2006/02/20 v1.0o Standard LaTeX Graphics (DPC,SPQR)

(/usr/share/texmf-texlive/tex/latex/graphics/trig.sty
Package: trig 1999/03/16 v1.09 sin cos tan (DPC)
)
(/etc/texmf/tex/latex/config/graphics.cfg
File: graphics.cfg 2007/01/18 v1.5 graphics configuration of teTeX/TeXLive
)
Package graphics Info: Driver file: pdftex.def on input line 90.

(/usr/share/texmf-texlive/tex/latex/pdftex-def/pdftex.def
File: pdftex.def 2007/01/08 v0.04d Graphics/color for pdfTeX
\Gread@gobject=\count87
))
\Gin@req@height=\dimen103
\Gin@req@width=\dimen104
)
(/usr/share/texmf-texlive/tex/latex/amsmath/amsmath.sty
Package: amsmath 2000/07/18 v2.13 AMS math features
\@mathmargin=\skip43

For additional information on amsmath, use the `?' option.
(/usr/share/texmf-texlive/tex/latex/amsmath/amstext.sty
Package: amstext 2000/06/29 v2.01

(/usr/share/texmf-texlive/tex/latex/amsmath/amsgen.sty
File: amsgen.sty 1999/11/30 v2.0
\@emptytoks=\toks15
\ex@=\dimen105
))
(/usr/share/texmf-texlive/tex/latex/amsmath/amsbsy.sty
Package: amsbsy 1999/11/29 v1.2d
\pmbraise@=\dimen106
)
(/usr/share/texmf-texlive/tex/latex/amsmath/amsopn.sty
Package: amsopn 1999/12/14 v2.01 operator names
)
\inf@bad=\count88
LaTeX Info: Redefining \frac on input line 211.
\uproot@=\count89
\leftroot@=\count90
LaTeX Info: Redefining \overline on input line 307.
\classnum@=\count91
\DOTSCASE@=\count92
LaTeX Info: Redefining \ldots on input line 379.
LaTeX Info: Redefining \dots on input line 382.
LaTeX Info: Redefining \cdots on input line 467.
\Mathstrutbox@=\box26
\strutbox@=\box27
\big@size=\dimen107
LaTeX Font Info:    Redeclaring font encoding OML on input line 567.
LaTeX Font Info:    Redeclaring font encoding OMS on input line 568.
\macc@depth=\count93
\c@MaxMatrixCols=\count94
\dotsspace@=\muskip10
\c@parentequation=\count95
\dspbrk@lvl=\count96
\tag@help=\toks16
\row@=\count97
\column@=\count98
\maxfields@=\count99
\andhelp@=\toks17
\eqnshift@=\dimen108
\alignsep@=\dimen109
\tagshift@=\dimen110
\tagwidth@=\dimen111
\totwidth@=\dimen112
\lineht@=\dimen113
\@envbody=\toks18
\multlinegap=\skip44
\multlinetaggap=\skip45
\mathdisplay@stack=\toks19
LaTeX Info: Redefining \[ on input line 2666.
LaTeX Info: Redefining \] on input line 2667.
) (./hw6.aux)
\openout1 = `hw6.aux'.

LaTeX Font Info:    Checking defaults for OML/cmm/m/it on input line 6.
LaTeX Font Info:    ... okay on input line 6.
LaTeX Font Info:    Checking defaults for T1/cmr/m/n on input line 6.
LaTeX Font Info:    ... okay on input line 6.
LaTeX Font Info:    Checking defaults for OT1/cmr/m/n on input line 6.
LaTeX Font Info:    ... okay on input line 6.
LaTeX Font Info:    Checking defaults for OMS/cmsy/m/n on input line 6.
LaTeX Font Info:    ... okay on input line 6.
LaTeX Font Info:    Checking defaults for OMX/cmex/m/n on input line 6.
LaTeX Font Info:    ... okay on input line 6.
LaTeX Font Info:    Checking defaults for U/cmr/m/n on input line 6.
LaTeX Font Info:    ... okay on input line 6.
 [1

{/var/lib/texmf/fonts/map/pdftex/updmap/pdftex.map}]
Underfull \hbox (badness 10000) in paragraph at lines 11--13

 []


Underfull \hbox (badness 10000) in paragraph at lines 14--20

 []


Underfull \hbox (badness 10000) in paragraph at lines 21--25

 []

[2]
Overfull \hbox (61.35713pt too wide) in paragraph at lines 85--86
[]$\OMS/cmsy/m/n/10 8\OML/cmm/m/it/10 p\OT1/cmr/m/n/10 1 \OML/cmm/m/it/10 Occup
ation\OT1/cmr/m/n/10 (\OML/cmm/m/it/10 p\OT1/cmr/m/n/10 1\OML/cmm/m/it/10 ; Sur
geon\OT1/cmr/m/n/10 ) \OMS/cmsy/m/n/10 ) \OT1/cmr/m/n/10 [\OMS/cmsy/m/n/10 9\OM
L/cmm/m/it/10 p\OT1/cmr/m/n/10 2 \OML/cmm/m/it/10 Customer\OT1/cmr/m/n/10 (\OML
/cmm/m/it/10 p\OT1/cmr/m/n/10 1\OML/cmm/m/it/10 ; p\OT1/cmr/m/n/10 2) \OMS/cmsy
/m/n/10 ^ \OML/cmm/m/it/10 Occupation\OT1/cmr/m/n/10 (\OML/cmm/m/it/10 p\OT1/cm
r/m/n/10 2\OML/cmm/m/it/10 ; Lawyer\OT1/cmr/m/n/10 )]$ 
 []


Overfull \hbox (112.89655pt too wide) detected at line 100
\OT1/cmr/m/n/10 (\OMS/cmsy/m/n/10 8\OML/cmm/m/it/10 s Breezy\OT1/cmr/m/n/10 (\O
ML/cmm/m/it/10 s\OT1/cmr/m/n/10 ) \OMS/cmsy/m/n/10 ) 9\OML/cmm/m/it/10 r Adjace
nt\OT1/cmr/m/n/10 (\OML/cmm/m/it/10 r; s\OT1/cmr/m/n/10 ) \OMS/cmsy/m/n/10 ^ \O
ML/cmm/m/it/10 Pit\OT1/cmr/m/n/10 (\OML/cmm/m/it/10 r\OT1/cmr/m/n/10 )) \OMS/cm
sy/m/n/10 ^ \OT1/cmr/m/n/10 (\OMS/cmsy/m/n/10 8\OML/cmm/m/it/10 s \OMS/cmsy/m/n
/10 :\OT1/cmr/m/n/10 [\OML/cmm/m/it/10 Breezy\OT1/cmr/m/n/10 (\OML/cmm/m/it/10 
s\OT1/cmr/m/n/10 )] \OMS/cmsy/m/n/10 ) :\OT1/cmr/m/n/10 [\OMS/cmsy/m/n/10 9\OML
/cmm/m/it/10 r Adjacent\OT1/cmr/m/n/10 (\OML/cmm/m/it/10 r; s\OT1/cmr/m/n/10 ) 
\OMS/cmsy/m/n/10 ^ \OML/cmm/m/it/10 Pit\OT1/cmr/m/n/10 (\OML/cmm/m/it/10 r\OT1/
cmr/m/n/10 )])
 []


Overfull \hbox (97.34096pt too wide) detected at line 104
\OT1/cmr/m/n/10 (\OMS/cmsy/m/n/10 8\OML/cmm/m/it/10 s Breezy\OT1/cmr/m/n/10 (\O
ML/cmm/m/it/10 s\OT1/cmr/m/n/10 ) \OMS/cmsy/m/n/10 ) 9\OML/cmm/m/it/10 r Adjace
nt\OT1/cmr/m/n/10 (\OML/cmm/m/it/10 r; s\OT1/cmr/m/n/10 ) \OMS/cmsy/m/n/10 ^ \O
ML/cmm/m/it/10 Pit\OT1/cmr/m/n/10 (\OML/cmm/m/it/10 r\OT1/cmr/m/n/10 )) \OMS/cm
sy/m/n/10 ^ \OT1/cmr/m/n/10 (\OMS/cmsy/m/n/10 8\OML/cmm/m/it/10 s Breezy\OT1/cm
r/m/n/10 (\OML/cmm/m/it/10 s\OT1/cmr/m/n/10 )  \OMS/cmsy/m/n/10 _  :\OT1/cmr/m/
n/10 [\OMS/cmsy/m/n/10 9\OML/cmm/m/it/10 r Adjacent\OT1/cmr/m/n/10 (\OML/cmm/m/
it/10 r; s\OT1/cmr/m/n/10 ) \OMS/cmsy/m/n/10 ^ \OML/cmm/m/it/10 Pit\OT1/cmr/m/n
/10 (\OML/cmm/m/it/10 r\OT1/cmr/m/n/10 )])
 []


Overfull \hbox (97.34096pt too wide) detected at line 108
\OT1/cmr/m/n/10 (\OMS/cmsy/m/n/10 8\OML/cmm/m/it/10 s Breezy\OT1/cmr/m/n/10 (\O
ML/cmm/m/it/10 s\OT1/cmr/m/n/10 ) \OMS/cmsy/m/n/10 ) 9\OML/cmm/m/it/10 r Adjace
nt\OT1/cmr/m/n/10 (\OML/cmm/m/it/10 r; s\OT1/cmr/m/n/10 ) \OMS/cmsy/m/n/10 ^ \O
ML/cmm/m/it/10 Pit\OT1/cmr/m/n/10 (\OML/cmm/m/it/10 r\OT1/cmr/m/n/10 )) \OMS/cm
sy/m/n/10 ^ \OT1/cmr/m/n/10 (\OMS/cmsy/m/n/10 8\OML/cmm/m/it/10 s \OMS/cmsy/m/n
/10 :\OT1/cmr/m/n/10 [\OMS/cmsy/m/n/10 9\OML/cmm/m/it/10 r Adjacent\OT1/cmr/m/n
/10 (\OML/cmm/m/it/10 r; s\OT1/cmr/m/n/10 ) \OMS/cmsy/m/n/10 ^ \OML/cmm/m/it/10
 Pit\OT1/cmr/m/n/10 (\OML/cmm/m/it/10 r\OT1/cmr/m/n/10 )]  \OMS/cmsy/m/n/10 _  
\OML/cmm/m/it/10 Breezy\OT1/cmr/m/n/10 (\OML/cmm/m/it/10 s\OT1/cmr/m/n/10 ))
 []


Overfull \hbox (88.45203pt too wide) detected at line 112
\OT1/cmr/m/n/10 (\OMS/cmsy/m/n/10 8\OML/cmm/m/it/10 s Breezy\OT1/cmr/m/n/10 (\O
ML/cmm/m/it/10 s\OT1/cmr/m/n/10 ) \OMS/cmsy/m/n/10 ) 9\OML/cmm/m/it/10 r Adjace
nt\OT1/cmr/m/n/10 (\OML/cmm/m/it/10 r; s\OT1/cmr/m/n/10 ) \OMS/cmsy/m/n/10 ^ \O
ML/cmm/m/it/10 Pit\OT1/cmr/m/n/10 (\OML/cmm/m/it/10 r\OT1/cmr/m/n/10 )) \OMS/cm
sy/m/n/10 ^ \OT1/cmr/m/n/10 (\OMS/cmsy/m/n/10 8\OML/cmm/m/it/10 s \OMS/cmsy/m/n
/10 9\OML/cmm/m/it/10 r Adjacent\OT1/cmr/m/n/10 (\OML/cmm/m/it/10 r; s\OT1/cmr/
m/n/10 ) \OMS/cmsy/m/n/10 ^ \OML/cmm/m/it/10 Pit\OT1/cmr/m/n/10 (\OML/cmm/m/it/
10 r\OT1/cmr/m/n/10 ) \OMS/cmsy/m/n/10 ) \OML/cmm/m/it/10 Breezy\OT1/cmr/m/n/10
 (\OML/cmm/m/it/10 s\OT1/cmr/m/n/10 ))
 []


Overfull \hbox (45.4019pt too wide) detected at line 144
\OT1/cmr/m/n/10 [\OMS/cmsy/m/n/10 9\OML/cmm/m/it/10 p\OT1/cmr/m/n/10 1\OML/cmm/
m/it/10 ; p\OT1/cmr/m/n/10 2(\OMS/cmsy/m/n/10 :\OT1/cmr/m/n/10 (\OMS/cmsy/m/n/1
0 9\OML/cmm/m/it/10 y\OT1/cmr/m/n/10 1\OML/cmm/m/it/10 ; z\OT1/cmr/m/n/10 1 (1 
\OML/cmm/m/it/10 < y\OT1/cmr/m/n/10 1) \OMS/cmsy/m/n/10 ^ \OT1/cmr/m/n/10 (\OML
/cmm/m/it/10 y\OT1/cmr/m/n/10 1 \OML/cmm/m/it/10 < p\OT1/cmr/m/n/10 1) \OMS/cms
y/m/n/10 ^ \OT1/cmr/m/n/10 (\OMS/cmsy/m/n/10 :\OT1/cmr/m/n/10 [(\OML/cmm/m/it/1
0 y\OT1/cmr/m/n/10 1 \OMS/cmsy/m/n/10 ^^B \OML/cmm/m/it/10 z\OT1/cmr/m/n/10 1) 
\OML/cmm/m/it/10 < p\OT1/cmr/m/n/10 1] \OMS/cmsy/m/n/10 ^ :\OT1/cmr/m/n/10 [\OM
L/cmm/m/it/10 p\OT1/cmr/m/n/10 1 \OML/cmm/m/it/10 < \OT1/cmr/m/n/10 (\OML/cmm/m
/it/10 y\OT1/cmr/m/n/10 1 \OMS/cmsy/m/n/10 ^^B \OML/cmm/m/it/10 z\OT1/cmr/m/n/1
0 1)])))\OMS/cmsy/m/n/10 ^
 []


Overfull \hbox (12.5616pt too wide) detected at line 146
\OT1/cmr/m/n/10 (\OMS/cmsy/m/n/10 :\OT1/cmr/m/n/10 (\OMS/cmsy/m/n/10 9\OML/cmm/
m/it/10 y\OT1/cmr/m/n/10 2\OML/cmm/m/it/10 ; z\OT1/cmr/m/n/10 2 (1 \OML/cmm/m/i
t/10 < y\OT1/cmr/m/n/10 2) \OMS/cmsy/m/n/10 ^ \OT1/cmr/m/n/10 (\OML/cmm/m/it/10
 y\OT1/cmr/m/n/10 2 \OML/cmm/m/it/10 < p\OT1/cmr/m/n/10 2) \OMS/cmsy/m/n/10 ^ \
OT1/cmr/m/n/10 (\OMS/cmsy/m/n/10 :\OT1/cmr/m/n/10 [(\OML/cmm/m/it/10 y\OT1/cmr/
m/n/10 2 \OMS/cmsy/m/n/10 ^^B \OML/cmm/m/it/10 z\OT1/cmr/m/n/10 2) \OML/cmm/m/i
t/10 < p\OT1/cmr/m/n/10 2] \OMS/cmsy/m/n/10 ^ :\OT1/cmr/m/n/10 [\OML/cmm/m/it/1
0 p\OT1/cmr/m/n/10 2 \OML/cmm/m/it/10 < \OT1/cmr/m/n/10 (\OML/cmm/m/it/10 y\OT1
/cmr/m/n/10 2 \OMS/cmsy/m/n/10 ^^B \OML/cmm/m/it/10 z\OT1/cmr/m/n/10 2)])))\OMS
/cmsy/m/n/10 ^
 []


Underfull \hbox (badness 10000) in paragraph at lines 152--177

 []

[3]
Overfull \hbox (37.27252pt too wide) in paragraph at lines 181--183
[]$\OMS/cmsy/m/n/10 9\OML/cmm/m/it/10 p\OT1/cmr/m/n/10 1 \OML/cmm/m/it/10 Stude
nt\OT1/cmr/m/n/10 (\OML/cmm/m/it/10 p\OT1/cmr/m/n/10 1) \OMS/cmsy/m/n/10 ^ \OML
/cmm/m/it/10 Took\OT1/cmr/m/n/10 (\OML/cmm/m/it/10 p\OT1/cmr/m/n/10 1\OML/cmm/m
/it/10 ; Greek\OT1/cmr/m/n/10 ) \OMS/cmsy/m/n/10 ^ \OML/cmm/m/it/10 Spring\OT1/
cmr/m/n/10 2001(\OML/cmm/m/it/10 Greek\OT1/cmr/m/n/10 ) \OMS/cmsy/m/n/10 ^ \OT1
/cmr/m/n/10 [\OMS/cmsy/m/n/10 8\OML/cmm/m/it/10 p\OT1/cmr/m/n/10 2 (\OML/cmm/m/
it/10 Student\OT1/cmr/m/n/10 (\OML/cmm/m/it/10 p\OT1/cmr/m/n/10 2) \OMS/cmsy/m/
n/10 ^
 []


Overfull \hbox (14.03604pt too wide) in paragraph at lines 189--191
[]$\OMS/cmsy/m/n/10 8\OML/cmm/m/it/10 p \OT1/cmr/m/n/10 (\OML/cmm/m/it/10 UKBor
n\OT1/cmr/m/n/10 (\OML/cmm/m/it/10 p\OT1/cmr/m/n/10 ) \OMS/cmsy/m/n/10 ^ \OT1/c
mr/m/n/10 [(\OML/cmm/m/it/10 UKResident\OT1/cmr/m/n/10 (\OML/cmm/m/it/10 Father
\OT1/cmr/m/n/10 (\OML/cmm/m/it/10 p\OT1/cmr/m/n/10 )) \OMS/cmsy/m/n/10 _ \OML/c
mm/m/it/10 UKbyBirth\OT1/cmr/m/n/10 (\OML/cmm/m/it/10 Father\OT1/cmr/m/n/10 (\O
ML/cmm/m/it/10 p\OT1/cmr/m/n/10 )) \OMS/cmsy/m/n/10 _
 []


Overfull \hbox (64.98778pt too wide) in paragraph at lines 189--191
\OML/cmm/m/it/10 UKbyDescent\OT1/cmr/m/n/10 (\OML/cmm/m/it/10 Father\OT1/cmr/m/
n/10 (\OML/cmm/m/it/10 p\OT1/cmr/m/n/10 ))) \OMS/cmsy/m/n/10 ^ \OT1/cmr/m/n/10 
(\OML/cmm/m/it/10 UKResident\OT1/cmr/m/n/10 (\OML/cmm/m/it/10 Mother\OT1/cmr/m/
n/10 (\OML/cmm/m/it/10 p\OT1/cmr/m/n/10 )) \OMS/cmsy/m/n/10 _ \OML/cmm/m/it/10 
UKbyBirth\OT1/cmr/m/n/10 (\OML/cmm/m/it/10 Mother\OT1/cmr/m/n/10 (\OML/cmm/m/it
/10 p\OT1/cmr/m/n/10 )) \OMS/cmsy/m/n/10 _
 []


Overfull \hbox (27.4387pt too wide) in paragraph at lines 191--192
[]$\OMS/cmsy/m/n/10 8\OML/cmm/m/it/10 p \OT1/cmr/m/n/10 ([\OML/cmm/m/it/10 UKby
Birth\OT1/cmr/m/n/10 (\OML/cmm/m/it/10 Father\OT1/cmr/m/n/10 (\OML/cmm/m/it/10 
p\OT1/cmr/m/n/10 )) \OMS/cmsy/m/n/10 _ \OML/cmm/m/it/10 UKbyBirth\OT1/cmr/m/n/1
0 (\OML/cmm/m/it/10 Mother\OT1/cmr/m/n/10 (\OML/cmm/m/it/10 p\OT1/cmr/m/n/10 ))
] \OMS/cmsy/m/n/10 ^ :\OML/cmm/m/it/10 UKBorn\OT1/cmr/m/n/10 (\OML/cmm/m/it/10 
p\OT1/cmr/m/n/10 )) \OMS/cmsy/m/n/10 )
 []


Overfull \hbox (33.57263pt too wide) in paragraph at lines 192--194
[]$\OMS/cmsy/m/n/10 8\OML/cmm/m/it/10 p\OT1/cmr/m/n/10 1 \OML/cmm/m/it/10 Job\O
T1/cmr/m/n/10 (\OML/cmm/m/it/10 p\OT1/cmr/m/n/10 1\OML/cmm/m/it/10 ; Politician
\OT1/cmr/m/n/10 ) \OMS/cmsy/m/n/10 ) \OT1/cmr/m/n/10 [(\OMS/cmsy/m/n/10 9\OML/c
mm/m/it/10 p\OT1/cmr/m/n/10 2 \OMS/cmsy/m/n/10 8\OML/cmm/m/it/10 t Fool\OT1/cmr
/m/n/10 (\OML/cmm/m/it/10 p\OT1/cmr/m/n/10 1\OML/cmm/m/it/10 ; p\OT1/cmr/m/n/10
 2\OML/cmm/m/it/10 ; t\OT1/cmr/m/n/10 )) \OMS/cmsy/m/n/10 ^ \OT1/cmr/m/n/10 (\O
MS/cmsy/m/n/10 8\OML/cmm/m/it/10 p\OT1/cmr/m/n/10 2 \OMS/cmsy/m/n/10 9\OML/cmm/
m/it/10 t Fool\OT1/cmr/m/n/10 (\OML/cmm/m/it/10 p\OT1/cmr/m/n/10 1\OML/cmm/m/it
/10 ; p\OT1/cmr/m/n/10 2\OML/cmm/m/it/10 ; t\OT1/cmr/m/n/10 )) \OMS/cmsy/m/n/10
 ^
 []

[4] [5] (./hw6.aux) ) 
Here is how much of TeX's memory you used:
 1177 strings out of 95086
 13493 string characters out of 1183254
 68906 words of memory out of 1500000
 4385 multiletter control sequences out of 10000+50000
 8111 words of font info for 30 fonts, out of 1200000 for 2000
 28 hyphenation exceptions out of 8191
 27i,6n,21p,224b,238s stack positions out of 5000i,500n,6000p,200000b,5000s
</usr/share/texmf-texlive/fonts/type1/bluesky/cm/cmbx10.pf
b></usr/share/texmf-texlive/fonts/type1/bluesky/cm/cmex10.pfb></usr/share/texmf
-texlive/fonts/type1/bluesky/cm/cmmi10.pfb></usr/share/texmf-texlive/fonts/type
1/bluesky/cm/cmmi5.pfb></usr/share/texmf-texlive/fonts/type1/bluesky/cm/cmmi7.p
fb></usr/share/texmf-texlive/fonts/type1/bluesky/cm/cmr10.pfb></usr/share/texmf
-texlive/fonts/type1/bluesky/cm/cmr12.pfb></usr/share/texmf-texlive/fonts/type1
/bluesky/cm/cmr17.pfb></usr/share/texmf-texlive/fonts/type1/bluesky/cm/cmr7.pfb
></usr/share/texmf-texlive/fonts/type1/bluesky/cm/cmsy10.pfb>
Output written on hw6.pdf (5 pages, 64144 bytes).
PDF statistics:
 58 PDF objects out of 1000 (max. 8388607)
 0 named destinations out of 1000 (max. 131072)
 1 words of extra memory for PDF output out of 10000 (max. 10000000)

